2024-06-27 22:06:12,735 [Worker-5: Loading available Gradle versions] INFO  o.e.b.c.i.u.g.PublishedGradleVersions - Gradle version information cache is up-to-date. Trying to read.
2024-06-27 22:09:40,886 [Worker-8: ビルド] INFO  o.e.m.c.i.l.LifecycleMappingFactory - Using org.eclipse.m2e.jdt.JarLifecycleMapping lifecycle mapping for MavenProject: com.example:samuraitravel:0.0.1-SNAPSHOT @ /Applications/Eclipse_2023-12.app/Contents/spring_boot_kadai/kadai_tutorial_output/spring_boot/samuraitravel/pom.xml.
2024-06-27 22:09:42,218 [Worker-8: ビルド] INFO  o.a.m.s.f.DefaultMavenResourcesFiltering - Copying 2 resources from src/main/resources to target/classes
2024-06-27 22:09:42,241 [Worker-8: ビルド] INFO  o.a.m.s.f.DefaultMavenResourcesFiltering - Copying 39 resources from src/main/resources to target/classes
2024-06-27 22:09:42,272 [Worker-8: ビルド] INFO  o.a.m.s.f.DefaultMavenResourcesFiltering - skip non existing resourceDirectory /Applications/Eclipse_2023-12.app/Contents/spring_boot_kadai/kadai_tutorial_output/spring_boot/samuraitravel/src/test/resources
2024-06-27 22:17:14,606 [Worker-1: ビルド] INFO  o.a.m.s.f.DefaultMavenResourcesFiltering - Copying 1 resource from src/main/resources to target/classes
2024-06-27 22:17:14,612 [Worker-1: ビルド] INFO  o.a.m.s.f.DefaultMavenResourcesFiltering - Copying 0 resource from src/main/resources to target/classes
2024-06-27 22:17:14,615 [Worker-1: ビルド] INFO  o.a.m.s.f.DefaultMavenResourcesFiltering - skip non existing resourceDirectory /Applications/Eclipse_2023-12.app/Contents/spring_boot_kadai/kadai_tutorial_output/spring_boot/samuraitravel/src/test/resources
2024-06-27 22:18:09,697 [Worker-18: ビルド] INFO  o.a.m.s.f.DefaultMavenResourcesFiltering - Copying 1 resource from src/main/resources to target/classes
2024-06-27 22:18:09,708 [Worker-18: ビルド] INFO  o.a.m.s.f.DefaultMavenResourcesFiltering - Copying 0 resource from src/main/resources to target/classes
2024-06-27 22:18:09,712 [Worker-18: ビルド] INFO  o.a.m.s.f.DefaultMavenResourcesFiltering - skip non existing resourceDirectory /Applications/Eclipse_2023-12.app/Contents/spring_boot_kadai/kadai_tutorial_output/spring_boot/samuraitravel/src/test/resources
2024-06-27 22:19:20,618 [Worker-14: ビルド] INFO  o.a.m.s.f.DefaultMavenResourcesFiltering - Copying 1 resource from src/main/resources to target/classes
2024-06-27 22:19:20,624 [Worker-14: ビルド] INFO  o.a.m.s.f.DefaultMavenResourcesFiltering - Copying 0 resource from src/main/resources to target/classes
2024-06-27 22:19:20,626 [Worker-14: ビルド] INFO  o.a.m.s.f.DefaultMavenResourcesFiltering - skip non existing resourceDirectory /Applications/Eclipse_2023-12.app/Contents/spring_boot_kadai/kadai_tutorial_output/spring_boot/samuraitravel/src/test/resources
2024-06-27 22:22:04,026 [Worker-4: Loading available Gradle versions] INFO  o.e.b.c.i.u.g.PublishedGradleVersions - Gradle version information cache is up-to-date. Trying to read.
2024-06-27 22:24:01,610 [Worker-6: Maven プロジェクトの更新中] INFO  o.e.m.c.i.p.ProjectConfigurationManager - Update started
2024-06-27 22:24:02,263 [Worker-6: Maven プロジェクトの更新中] INFO  o.e.m.c.i.l.LifecycleMappingFactory - Using org.eclipse.m2e.jdt.JarLifecycleMapping lifecycle mapping for MavenProject: com.example:samuraitravel:0.0.1-SNAPSHOT @ /Applications/Eclipse_2023-12.app/Contents/spring_boot_kadai/kadai_tutorial_output/spring_boot/samuraitravel/pom.xml.
2024-06-27 22:24:02,673 [Worker-6: Maven プロジェクトの更新中] INFO  o.e.m.j.i.AbstractJavaProjectConfigurator - Adding source folder /samuraitravel/src/main/java
2024-06-27 22:24:02,673 [Worker-6: Maven プロジェクトの更新中] INFO  o.e.m.j.i.AbstractJavaProjectConfigurator - Adding resource folder /samuraitravel/src/main/resources
2024-06-27 22:24:02,676 [Worker-6: Maven プロジェクトの更新中] INFO  o.e.m.j.i.AbstractJavaProjectConfigurator - Adding resource folder /samuraitravel/src/main/resources
2024-06-27 22:24:02,677 [Worker-6: Maven プロジェクトの更新中] INFO  o.e.m.j.i.AbstractJavaProjectConfigurator - Adding source folder /samuraitravel/src/test/java
2024-06-27 22:24:02,677 [Worker-6: Maven プロジェクトの更新中] INFO  o.e.m.j.i.AbstractJavaProjectConfigurator - Adding resource folder /samuraitravel/src/test/resources
2024-06-27 22:24:03,077 [Worker-6: Maven プロジェクトの更新中] INFO  o.e.m.c.i.p.ProjectConfigurationManager - Update completed for 1 poms: local refresh takes 0.00 sec, refresh facades takes 0.00 sec, update config takes 0.00 sec 
2024-06-27 22:24:04,329 [Worker-5: ビルド] INFO  o.a.m.s.f.DefaultMavenResourcesFiltering - Copying 3 resources from src/main/resources to target/classes
2024-06-27 22:24:04,353 [Worker-5: ビルド] INFO  o.a.m.s.f.DefaultMavenResourcesFiltering - Copying 39 resources from src/main/resources to target/classes
2024-06-27 22:24:04,383 [Worker-5: ビルド] INFO  o.a.m.s.f.DefaultMavenResourcesFiltering - skip non existing resourceDirectory /Applications/Eclipse_2023-12.app/Contents/spring_boot_kadai/kadai_tutorial_output/spring_boot/samuraitravel/src/test/resources
2024-06-27 22:24:24,391 [Worker-9: Loading available Gradle versions] INFO  o.e.b.c.i.u.g.PublishedGradleVersions - Gradle version information cache is up-to-date. Trying to read.
2024-06-27 22:53:15,833 [Worker-16: ビルド] INFO  o.a.m.s.f.DefaultMavenResourcesFiltering - Copying 3 resources from src/main/resources to target/classes
2024-06-27 22:53:15,909 [Worker-16: ビルド] INFO  o.a.m.s.f.DefaultMavenResourcesFiltering - Copying 39 resources from src/main/resources to target/classes
2024-06-27 22:53:15,916 [Worker-16: ビルド] INFO  o.a.m.s.f.DefaultMavenResourcesFiltering - skip non existing resourceDirectory /Applications/Eclipse_2023-12.app/Contents/spring_boot_kadai/kadai_tutorial_output/spring_boot/samuraitravel/src/test/resources
2024-06-29 13:04:46,844 [Worker-7: Loading available Gradle versions] INFO  o.e.b.c.i.u.g.PublishedGradleVersions - Gradle version information cache is out-of-date. Trying to update.
2024-06-29 13:15:04,610 [Worker-1: ビルド] INFO  o.a.m.s.f.DefaultMavenResourcesFiltering - Copying 3 resources from src/main/resources to target/classes
2024-06-29 13:15:04,646 [Worker-1: ビルド] INFO  o.a.m.s.f.DefaultMavenResourcesFiltering - Copying 39 resources from src/main/resources to target/classes
2024-06-29 13:15:04,654 [Worker-1: ビルド] INFO  o.a.m.s.f.DefaultMavenResourcesFiltering - skip non existing resourceDirectory /Applications/Eclipse_2023-12.app/Contents/spring_boot_kadai/kadai_tutorial_output/spring_boot/samuraitravel/src/test/resources
2024-06-29 13:17:00,018 [Worker-19: ビルド] INFO  o.a.m.s.f.DefaultMavenResourcesFiltering - Copying 0 resource from src/main/resources to target/classes
2024-06-29 13:17:00,020 [Worker-19: ビルド] INFO  o.a.m.s.f.DefaultMavenResourcesFiltering - Copying 1 resource from src/main/resources to target/classes
2024-06-29 13:17:00,025 [Worker-19: ビルド] INFO  o.a.m.s.f.DefaultMavenResourcesFiltering - skip non existing resourceDirectory /Applications/Eclipse_2023-12.app/Contents/spring_boot_kadai/kadai_tutorial_output/spring_boot/samuraitravel/src/test/resources
2024-06-29 13:19:02,893 [Worker-18: ビルド] INFO  o.a.m.s.f.DefaultMavenResourcesFiltering - Copying 0 resource from src/main/resources to target/classes
2024-06-29 13:19:02,897 [Worker-18: ビルド] INFO  o.a.m.s.f.DefaultMavenResourcesFiltering - Copying 1 resource from src/main/resources to target/classes
2024-06-29 13:19:02,899 [Worker-18: ビルド] INFO  o.a.m.s.f.DefaultMavenResourcesFiltering - skip non existing resourceDirectory /Applications/Eclipse_2023-12.app/Contents/spring_boot_kadai/kadai_tutorial_output/spring_boot/samuraitravel/src/test/resources
